#-----------------------------------------------------------
# Vivado v2020.2 (64-bit)
# SW Build 3064766 on Wed Nov 18 09:12:45 MST 2020
# IP Build 3064653 on Wed Nov 18 14:17:31 MST 2020
# Start of session at: Wed Mar  3 20:24:40 2021
# Process ID: 7072
# Current directory: C:/Bohuslavsotola/Digital-electronics-1/Labs/04-segment/display
# Command line: vivado.exe -gui_launcher_event rodinguilauncherevent7196 C:\Bohuslavsotola\Digital-electronics-1\Labs\04-segment\display\display.xpr
# Log file: C:/Bohuslavsotola/Digital-electronics-1/Labs/04-segment/display/vivado.log
# Journal file: C:/Bohuslavsotola/Digital-electronics-1/Labs/04-segment/display\vivado.jou
#-----------------------------------------------------------
start_gui
open_project C:/Bohuslavsotola/Digital-electronics-1/Labs/04-segment/display/display.xpr
INFO: [Project 1-313] Project file moved from 'C:/Bohuslavsotola/Digital-electronics-1/Labs/04-adder/display' since last save.
WARNING: [filemgmt 56-2] Default IP Output Path : Could not find the directory 'C:/Bohuslavsotola/Digital-electronics-1/Labs/04-segment/display/display.gen/sources_1', nor could it be found using path 'C:/Bohuslavsotola/Digital-electronics-1/Labs/04-adder/display/display.gen/sources_1'.
Scanning sources...
Finished scanning sources
INFO: [IP_Flow 19-234] Refreshing IP repositories
INFO: [IP_Flow 19-1704] No user IP repositories specified
INFO: [IP_Flow 19-2313] Loaded Vivado IP repository 'C:/Xilinx/Vivado/2020.2/data/ip'.
open_project: Time (s): cpu = 00:00:33 ; elapsed = 00:00:13 . Memory (MB): peak = 1002.805 ; gain = 0.000
update_compile_order -fileset sources_1
exit
INFO: [Common 17-206] Exiting Vivado at Wed Mar  3 20:26:59 2021...
